This file contains any messages produced by compilers while
running configure, to aid debugging if configure makes a mistake.

It was created by Lavender Throne configure 0.9, which was
generated by GNU Autoconf 2.69.  Invocation command line was

  $ ./configure 

## --------- ##
## Platform. ##
## --------- ##

hostname = glass
uname -m = x86_64
uname -r = 4.4.14
uname -s = Linux
uname -v = #2 SMP Fri Jun 24 13:38:27 CDT 2016

/usr/bin/uname -p = Intel(R) Core(TM) i7-5500U CPU @ 2.40GHz
/bin/uname -X     = unknown

/bin/arch              = x86_64
/usr/bin/arch -k       = unknown
/usr/convex/getsysinfo = unknown
/usr/bin/hostinfo      = unknown
/bin/machine           = unknown
/usr/bin/oslevel       = unknown
/bin/universe          = unknown

PATH: /usr/local/bin
PATH: /usr/bin
PATH: /bin
PATH: /usr/games
PATH: /usr/lib64/kde4/libexec
PATH: /usr/lib64/qt/bin
PATH: /usr/share/texmf/bin


## ----------- ##
## Core tests. ##
## ----------- ##

configure:2132: checking for a BSD-compatible install
configure:2200: result: /usr/bin/ginstall -c
configure:2211: checking whether build environment is sane
configure:2266: result: yes
configure:2417: checking for a thread-safe mkdir -p
configure:2456: result: /usr/bin/mkdir -p
configure:2463: checking for gawk
configure:2479: found /usr/bin/gawk
configure:2490: result: gawk
configure:2501: checking whether make sets $(MAKE)
configure:2523: result: yes
configure:2552: checking whether make supports nested variables
configure:2569: result: yes
configure:2697: checking whether to enable maintainer-specific portions of Makefiles
configure:2706: result: no
configure:2769: checking for gcc
configure:2785: found /usr/bin/gcc
configure:2796: result: gcc
configure:3025: checking for C compiler version
configure:3034: gcc --version >&5
gcc (GCC) 5.3.0
Copyright (C) 2015 Free Software Foundation, Inc.
This is free software; see the source for copying conditions.  There is NO
warranty; not even for MERCHANTABILITY or FITNESS FOR A PARTICULAR PURPOSE.

configure:3045: $? = 0
configure:3034: gcc -v >&5
Reading specs from /usr/lib64/gcc/x86_64-slackware-linux/5.3.0/specs
COLLECT_GCC=gcc
COLLECT_LTO_WRAPPER=/usr/libexec/gcc/x86_64-slackware-linux/5.3.0/lto-wrapper
Target: x86_64-slackware-linux
Configured with: ../gcc-5.3.0/configure --prefix=/usr --libdir=/usr/lib64 --mandir=/usr/man --infodir=/usr/info --enable-shared --enable-bootstrap --enable-languages=ada,c,c++,fortran,go,java,lto,objc --enable-threads=posix --enable-checking=release --enable-objc-gc --with-system-zlib --with-python-dir=/lib64/python2.7/site-packages --enable-libstdcxx-dual-abi --with-default-libstdcxx-abi=gcc4-compatible --disable-libunwind-exceptions --enable-__cxa_atexit --enable-libssp --enable-lto --disable-install-libiberty --with-gnu-ld --verbose --enable-java-home --with-java-home=/usr/lib64/jvm/jre --with-jvm-root-dir=/usr/lib64/jvm --with-jvm-jar-dir=/usr/lib64/jvm/jvm-exports --with-arch-directory=amd64 --with-antlr-jar=/root/slackware64-current/source/d/gcc/antlr-runtime-3.4.jar --enable-java-awt=gtk --disable-gtktest --disable-multilib --target=x86_64-slackware-linux --build=x86_64-slackware-linux --host=x86_64-slackware-linux
Thread model: posix
gcc version 5.3.0 (GCC) 
configure:3045: $? = 0
configure:3034: gcc -V >&5
gcc: error: unrecognized command line option '-V'
gcc: fatal error: no input files
compilation terminated.
configure:3045: $? = 1
configure:3034: gcc -qversion >&5
gcc: error: unrecognized command line option '-qversion'
gcc: fatal error: no input files
compilation terminated.
configure:3045: $? = 1
configure:3065: checking whether the C compiler works
configure:3087: gcc    conftest.c  >&5
configure:3091: $? = 0
configure:3139: result: yes
configure:3142: checking for C compiler default output file name
configure:3144: result: a.out
configure:3150: checking for suffix of executables
configure:3157: gcc -o conftest    conftest.c  >&5
configure:3161: $? = 0
configure:3183: result: 
configure:3205: checking whether we are cross compiling
configure:3213: gcc -o conftest    conftest.c  >&5
configure:3217: $? = 0
configure:3224: ./conftest
configure:3228: $? = 0
configure:3243: result: no
configure:3248: checking for suffix of object files
configure:3270: gcc -c   conftest.c >&5
configure:3274: $? = 0
configure:3295: result: o
configure:3299: checking whether we are using the GNU C compiler
configure:3318: gcc -c   conftest.c >&5
configure:3318: $? = 0
configure:3327: result: yes
configure:3336: checking whether gcc accepts -g
configure:3356: gcc -c -g  conftest.c >&5
configure:3356: $? = 0
configure:3397: result: yes
configure:3414: checking for gcc option to accept ISO C89
configure:3477: gcc  -c -g -O2  conftest.c >&5
configure:3477: $? = 0
configure:3490: result: none needed
configure:3515: checking whether gcc understands -c and -o together
configure:3537: gcc -c conftest.c -o conftest2.o
configure:3540: $? = 0
configure:3537: gcc -c conftest.c -o conftest2.o
configure:3540: $? = 0
configure:3552: result: yes
configure:3580: checking for style of include used by make
configure:3608: result: GNU
configure:3634: checking dependency style of gcc
configure:3745: result: gcc3
configure:3763: checking for sqrt in -lm
configure:3788: gcc -o conftest -g -O2   conftest.c -lm   >&5
conftest.c:18:6: warning: conflicting types for built-in function 'sqrt'
 char sqrt ();
      ^
configure:3788: $? = 0
configure:3797: result: yes
configure:3810: checking for initscr in -lncurses
configure:3835: gcc -o conftest -g -O2   conftest.c -lncurses  -lm  >&5
configure:3835: $? = 0
configure:3844: result: yes
configure:3864: checking how to run the C preprocessor
configure:3895: gcc -E  conftest.c
configure:3895: $? = 0
configure:3909: gcc -E  conftest.c
conftest.c:13:28: fatal error: ac_nonexistent.h: No such file or directory
compilation terminated.
configure:3909: $? = 1
configure: failed program was:
| /* confdefs.h */
| #define PACKAGE_NAME "Lavender Throne"
| #define PACKAGE_TARNAME "lavender-throne"
| #define PACKAGE_VERSION "0.9"
| #define PACKAGE_STRING "Lavender Throne 0.9"
| #define PACKAGE_BUGREPORT "lvt-bugs@kurtweber.us"
| #define PACKAGE_URL ""
| #define PACKAGE "lavender-throne"
| #define VERSION "0.9"
| #define HAVE_LIBM 1
| #define HAVE_LIBNCURSES 1
| /* end confdefs.h.  */
| #include <ac_nonexistent.h>
configure:3934: result: gcc -E
configure:3954: gcc -E  conftest.c
configure:3954: $? = 0
configure:3968: gcc -E  conftest.c
conftest.c:13:28: fatal error: ac_nonexistent.h: No such file or directory
compilation terminated.
configure:3968: $? = 1
configure: failed program was:
| /* confdefs.h */
| #define PACKAGE_NAME "Lavender Throne"
| #define PACKAGE_TARNAME "lavender-throne"
| #define PACKAGE_VERSION "0.9"
| #define PACKAGE_STRING "Lavender Throne 0.9"
| #define PACKAGE_BUGREPORT "lvt-bugs@kurtweber.us"
| #define PACKAGE_URL ""
| #define PACKAGE "lavender-throne"
| #define VERSION "0.9"
| #define HAVE_LIBM 1
| #define HAVE_LIBNCURSES 1
| /* end confdefs.h.  */
| #include <ac_nonexistent.h>
configure:3997: checking for grep that handles long lines and -e
configure:4055: result: /usr/bin/grep
configure:4060: checking for egrep
configure:4122: result: /usr/bin/grep -E
configure:4127: checking for ANSI C header files
configure:4147: gcc -c -g -O2  conftest.c >&5
configure:4147: $? = 0
configure:4220: gcc -o conftest -g -O2   conftest.c -lncurses -lm  >&5
configure:4220: $? = 0
configure:4220: ./conftest
configure:4220: $? = 0
configure:4231: result: yes
configure:4244: checking for sys/types.h
configure:4244: gcc -c -g -O2  conftest.c >&5
configure:4244: $? = 0
configure:4244: result: yes
configure:4244: checking for sys/stat.h
configure:4244: gcc -c -g -O2  conftest.c >&5
configure:4244: $? = 0
configure:4244: result: yes
configure:4244: checking for stdlib.h
configure:4244: gcc -c -g -O2  conftest.c >&5
configure:4244: $? = 0
configure:4244: result: yes
configure:4244: checking for string.h
configure:4244: gcc -c -g -O2  conftest.c >&5
configure:4244: $? = 0
configure:4244: result: yes
configure:4244: checking for memory.h
configure:4244: gcc -c -g -O2  conftest.c >&5
configure:4244: $? = 0
configure:4244: result: yes
configure:4244: checking for strings.h
configure:4244: gcc -c -g -O2  conftest.c >&5
configure:4244: $? = 0
configure:4244: result: yes
configure:4244: checking for inttypes.h
configure:4244: gcc -c -g -O2  conftest.c >&5
configure:4244: $? = 0
configure:4244: result: yes
configure:4244: checking for stdint.h
configure:4244: gcc -c -g -O2  conftest.c >&5
configure:4244: $? = 0
configure:4244: result: yes
configure:4244: checking for unistd.h
configure:4244: gcc -c -g -O2  conftest.c >&5
configure:4244: $? = 0
configure:4244: result: yes
configure:4258: checking for stdlib.h
configure:4258: result: yes
configure:4270: checking math.h usability
configure:4270: gcc -c -g -O2  conftest.c >&5
configure:4270: $? = 0
configure:4270: result: yes
configure:4270: checking math.h presence
configure:4270: gcc -E  conftest.c
configure:4270: $? = 0
configure:4270: result: yes
configure:4270: checking for math.h
configure:4270: result: yes
configure:4282: checking time.h usability
configure:4282: gcc -c -g -O2  conftest.c >&5
configure:4282: $? = 0
configure:4282: result: yes
configure:4282: checking time.h presence
configure:4282: gcc -E  conftest.c
configure:4282: $? = 0
configure:4282: result: yes
configure:4282: checking for time.h
configure:4282: result: yes
configure:4294: checking stdio.h usability
configure:4294: gcc -c -g -O2  conftest.c >&5
configure:4294: $? = 0
configure:4294: result: yes
configure:4294: checking stdio.h presence
configure:4294: gcc -E  conftest.c
configure:4294: $? = 0
configure:4294: result: yes
configure:4294: checking for stdio.h
configure:4294: result: yes
configure:4306: checking stdbool.h usability
configure:4306: gcc -c -g -O2  conftest.c >&5
configure:4306: $? = 0
configure:4306: result: yes
configure:4306: checking stdbool.h presence
configure:4306: gcc -E  conftest.c
configure:4306: $? = 0
configure:4306: result: yes
configure:4306: checking for stdbool.h
configure:4306: result: yes
configure:4318: checking ncurses.h usability
configure:4318: gcc -c -g -O2  conftest.c >&5
configure:4318: $? = 0
configure:4318: result: yes
configure:4318: checking ncurses.h presence
configure:4318: gcc -E  conftest.c
configure:4318: $? = 0
configure:4318: result: yes
configure:4318: checking for ncurses.h
configure:4318: result: yes
configure:4445: checking that generated files are newer than configure
configure:4451: result: done
configure:4478: creating ./config.status

## ---------------------- ##
## Running config.status. ##
## ---------------------- ##

This file was extended by Lavender Throne config.status 0.9, which was
generated by GNU Autoconf 2.69.  Invocation command line was

  CONFIG_FILES    = 
  CONFIG_HEADERS  = 
  CONFIG_LINKS    = 
  CONFIG_COMMANDS = 
  $ ./config.status 

on glass

config.status:864: creating Makefile
config.status:864: creating src/Makefile
config.status:864: creating config.h
config.status:1093: executing depfiles commands

## ---------------- ##
## Cache variables. ##
## ---------------- ##

ac_cv_c_compiler_gnu=yes
ac_cv_env_CC_set=
ac_cv_env_CC_value=
ac_cv_env_CFLAGS_set=
ac_cv_env_CFLAGS_value=
ac_cv_env_CPPFLAGS_set=
ac_cv_env_CPPFLAGS_value=
ac_cv_env_CPP_set=
ac_cv_env_CPP_value=
ac_cv_env_LDFLAGS_set=
ac_cv_env_LDFLAGS_value=
ac_cv_env_LIBS_set=
ac_cv_env_LIBS_value=
ac_cv_env_build_alias_set=
ac_cv_env_build_alias_value=
ac_cv_env_host_alias_set=
ac_cv_env_host_alias_value=
ac_cv_env_target_alias_set=
ac_cv_env_target_alias_value=
ac_cv_header_inttypes_h=yes
ac_cv_header_math_h=yes
ac_cv_header_memory_h=yes
ac_cv_header_ncurses_h=yes
ac_cv_header_stdbool_h=yes
ac_cv_header_stdc=yes
ac_cv_header_stdint_h=yes
ac_cv_header_stdio_h=yes
ac_cv_header_stdlib_h=yes
ac_cv_header_string_h=yes
ac_cv_header_strings_h=yes
ac_cv_header_sys_stat_h=yes
ac_cv_header_sys_types_h=yes
ac_cv_header_time_h=yes
ac_cv_header_unistd_h=yes
ac_cv_lib_m_sqrt=yes
ac_cv_lib_ncurses_initscr=yes
ac_cv_objext=o
ac_cv_path_EGREP='/usr/bin/grep -E'
ac_cv_path_GREP=/usr/bin/grep
ac_cv_path_install='/usr/bin/ginstall -c'
ac_cv_path_mkdir=/usr/bin/mkdir
ac_cv_prog_AWK=gawk
ac_cv_prog_CPP='gcc -E'
ac_cv_prog_ac_ct_CC=gcc
ac_cv_prog_cc_c89=
ac_cv_prog_cc_g=yes
ac_cv_prog_make_make_set=yes
am_cv_CC_dependencies_compiler_type=gcc3
am_cv_make_support_nested_variables=yes
am_cv_prog_cc_c_o=yes

## ----------------- ##
## Output variables. ##
## ----------------- ##

ACLOCAL='${SHELL} /home/kmw/prog/lvt/missing aclocal-1.15'
AMDEPBACKSLASH='\'
AMDEP_FALSE='#'
AMDEP_TRUE=''
AMTAR='$${TAR-tar}'
AM_BACKSLASH='\'
AM_DEFAULT_V='$(AM_DEFAULT_VERBOSITY)'
AM_DEFAULT_VERBOSITY='1'
AM_V='$(V)'
AUTOCONF='${SHELL} /home/kmw/prog/lvt/missing autoconf'
AUTOHEADER='${SHELL} /home/kmw/prog/lvt/missing autoheader'
AUTOMAKE='${SHELL} /home/kmw/prog/lvt/missing automake-1.15'
AWK='gawk'
CC='gcc'
CCDEPMODE='depmode=gcc3'
CFLAGS='-g -O2'
CPP='gcc -E'
CPPFLAGS=''
CYGPATH_W='echo'
DEFS='-DHAVE_CONFIG_H'
DEPDIR='.deps'
ECHO_C=''
ECHO_N='-n'
ECHO_T=''
EGREP='/usr/bin/grep -E'
EXEEXT=''
GREP='/usr/bin/grep'
INSTALL_DATA='${INSTALL} -m 644'
INSTALL_PROGRAM='${INSTALL}'
INSTALL_SCRIPT='${INSTALL}'
INSTALL_STRIP_PROGRAM='$(install_sh) -c -s'
LDFLAGS=''
LIBOBJS=''
LIBS='-lncurses -lm '
LTLIBOBJS=''
MAINT='#'
MAINTAINER_MODE_FALSE=''
MAINTAINER_MODE_TRUE='#'
MAKEINFO='${SHELL} /home/kmw/prog/lvt/missing makeinfo'
MKDIR_P='/usr/bin/mkdir -p'
OBJEXT='o'
PACKAGE='lavender-throne'
PACKAGE_BUGREPORT='lvt-bugs@kurtweber.us'
PACKAGE_NAME='Lavender Throne'
PACKAGE_STRING='Lavender Throne 0.9'
PACKAGE_TARNAME='lavender-throne'
PACKAGE_URL=''
PACKAGE_VERSION='0.9'
PATH_SEPARATOR=':'
SET_MAKE=''
SHELL='/bin/sh'
STRIP=''
VERSION='0.9'
ac_ct_CC='gcc'
am__EXEEXT_FALSE=''
am__EXEEXT_TRUE='#'
am__fastdepCC_FALSE='#'
am__fastdepCC_TRUE=''
am__include='include'
am__isrc=''
am__leading_dot='.'
am__nodep='_no'
am__quote=''
am__tar='$${TAR-tar} chof - "$$tardir"'
am__untar='$${TAR-tar} xf -'
bindir='${exec_prefix}/bin'
build_alias=''
datadir='${datarootdir}'
datarootdir='${prefix}/share'
docdir='${datarootdir}/doc/${PACKAGE_TARNAME}'
dvidir='${docdir}'
exec_prefix='${prefix}'
host_alias=''
htmldir='${docdir}'
includedir='${prefix}/include'
infodir='${datarootdir}/info'
install_sh='${SHELL} /home/kmw/prog/lvt/install-sh'
libdir='${exec_prefix}/lib'
libexecdir='${exec_prefix}/libexec'
localedir='${datarootdir}/locale'
localstatedir='${prefix}/var'
mandir='${datarootdir}/man'
mkdir_p='$(MKDIR_P)'
oldincludedir='/usr/include'
pdfdir='${docdir}'
prefix='/usr/local'
program_transform_name='s,x,x,'
psdir='${docdir}'
sbindir='${exec_prefix}/sbin'
sharedstatedir='${prefix}/com'
sysconfdir='${prefix}/etc'
target_alias=''

## ----------- ##
## confdefs.h. ##
## ----------- ##

/* confdefs.h */
#define PACKAGE_NAME "Lavender Throne"
#define PACKAGE_TARNAME "lavender-throne"
#define PACKAGE_VERSION "0.9"
#define PACKAGE_STRING "Lavender Throne 0.9"
#define PACKAGE_BUGREPORT "lvt-bugs@kurtweber.us"
#define PACKAGE_URL ""
#define PACKAGE "lavender-throne"
#define VERSION "0.9"
#define HAVE_LIBM 1
#define HAVE_LIBNCURSES 1
#define STDC_HEADERS 1
#define HAVE_SYS_TYPES_H 1
#define HAVE_SYS_STAT_H 1
#define HAVE_STDLIB_H 1
#define HAVE_STRING_H 1
#define HAVE_MEMORY_H 1
#define HAVE_STRINGS_H 1
#define HAVE_INTTYPES_H 1
#define HAVE_STDINT_H 1
#define HAVE_UNISTD_H 1
#define HAVE_STDLIB_H 1
#define HAVE_MATH_H 1
#define HAVE_TIME_H 1
#define HAVE_STDIO_H 1
#define HAVE_STDBOOL_H 1
#define HAVE_NCURSES_H 1

configure: exit 0
